Using pre-set license
Built from '2022.3/staging' branch; Version is '2022.3.9f1 (ea401c316338) revision 15351836'; Using compiler version '192829333'; Build Type 'Release'
OS: 'Windows 11  (10.0.22621) 64bit Core' Language: 'es' Physical Memory: 10187 MB
BatchMode: 1, IsHumanControllingUs: 0, StartBugReporterOnCrash: 0, Is64bit: 1, IsPro: 1

COMMAND LINE ARGUMENTS:
C:\Program Files\Unity\Hub\Editor\2022.3.9f1\Editor\Unity.exe
-adb2
-batchMode
-noUpm
-name
AssetImportWorker0
-projectPath
C:/Users/Laura/Desktop/ProyectoCuarto/planetarium/Planetarium
-logFile
Logs/AssetImportWorker0.log
-srvPort
4186
Successfully changed project path to: C:/Users/Laura/Desktop/ProyectoCuarto/planetarium/Planetarium
C:/Users/Laura/Desktop/ProyectoCuarto/planetarium/Planetarium
[UnityMemory] Configuration Parameters - Can be set up in boot.config
    "memorysetup-bucket-allocator-granularity=16"
    "memorysetup-bucket-allocator-bucket-count=8"
    "memorysetup-bucket-allocator-block-size=33554432"
    "memorysetup-bucket-allocator-block-count=8"
    "memorysetup-main-allocator-block-size=16777216"
    "memorysetup-thread-allocator-block-size=16777216"
    "memorysetup-gfx-main-allocator-block-size=16777216"
    "memorysetup-gfx-thread-allocator-block-size=16777216"
    "memorysetup-cache-allocator-block-size=4194304"
    "memorysetup-typetree-allocator-block-size=2097152"
    "memorysetup-profiler-bucket-allocator-granularity=16"
    "memorysetup-profiler-bucket-allocator-bucket-count=8"
    "memorysetup-profiler-bucket-allocator-block-size=33554432"
    "memorysetup-profiler-bucket-allocator-block-count=8"
    "memorysetup-profiler-allocator-block-size=16777216"
    "memorysetup-profiler-editor-allocator-block-size=1048576"
    "memorysetup-temp-allocator-size-main=16777216"
    "memorysetup-job-temp-allocator-block-size=2097152"
    "memorysetup-job-temp-allocator-block-size-background=1048576"
    "memorysetup-job-temp-allocator-reduction-small-platforms=262144"
    "memorysetup-allocator-temp-initial-block-size-main=262144"
    "memorysetup-allocator-temp-initial-block-size-worker=262144"
    "memorysetup-temp-allocator-size-background-worker=32768"
    "memorysetup-temp-allocator-size-job-worker=262144"
    "memorysetup-temp-allocator-size-preload-manager=33554432"
    "memorysetup-temp-allocator-size-nav-mesh-worker=65536"
    "memorysetup-temp-allocator-size-audio-worker=65536"
    "memorysetup-temp-allocator-size-cloud-worker=32768"
    "memorysetup-temp-allocator-size-gi-baking-worker=262144"
    "memorysetup-temp-allocator-size-gfx=262144"
Player connection [14040] Host "[IP] 192.168.56.1 [Port] 0 [Flags] 2 [Guid] 2866092876 [EditorId] 2866092876 [Version] 1048832 [Id] WindowsEditor(7,LAPTOP-9O5E7Q4E) [Debug] 1 [PackageName] WindowsEditor [ProjectName] Editor" joined multi-casting on [225.0.0.222:54997]...

Player connection [14040] Host "[IP] 192.168.56.1 [Port] 0 [Flags] 2 [Guid] 2866092876 [EditorId] 2866092876 [Version] 1048832 [Id] WindowsEditor(7,LAPTOP-9O5E7Q4E) [Debug] 1 [PackageName] WindowsEditor [ProjectName] Editor" joined alternative multi-casting on [225.0.0.222:34997]...

[Physics::Module] Initialized MultithreadedJobDispatcher with 7 workers.
Refreshing native plugins compatible for Editor in 20.23 ms, found 3 plugins.
Preloading 0 native plugins for Editor in 0.00 ms.
Initialize engine version: 2022.3.9f1 (ea401c316338)
[Subsystems] Discovering subsystems at path C:/Program Files/Unity/Hub/Editor/2022.3.9f1/Editor/Data/Resources/UnitySubsystems
[Subsystems] Discovering subsystems at path C:/Users/Laura/Desktop/ProyectoCuarto/planetarium/Planetarium/Assets
GfxDevice: creating device client; threaded=0; jobified=0
Direct3D:
    Version:  Direct3D 11.0 [level 11.1]
    Renderer: AMD Radeon(TM) RX Vega 10 Graphics (ID=0x15d8)
    Vendor:   ATI
    VRAM:     5093 MB
    Driver:   30.0.13022.3
Initialize mono
Mono path[0] = 'C:/Program Files/Unity/Hub/Editor/2022.3.9f1/Editor/Data/Managed'
Mono path[1] = 'C:/Program Files/Unity/Hub/Editor/2022.3.9f1/Editor/Data/MonoBleedingEdge/lib/mono/unityjit-win32'
Mono config path = 'C:/Program Files/Unity/Hub/Editor/2022.3.9f1/Editor/Data/MonoBleedingEdge/etc'
Using monoOptions --debugger-agent=transport=dt_socket,embedding=1,server=y,suspend=n,address=127.0.0.1:56288
Begin MonoManager ReloadAssembly
Registering precompiled unity dll's ...
Register platform support module: C:/Program Files/Unity/Hub/Editor/2022.3.9f1/Editor/Data/PlaybackEngines/AndroidPlayer/UnityEditor.Android.Extensions.dll
Register platform support module: C:/Program Files/Unity/Hub/Editor/2022.3.9f1/Editor/Data/PlaybackEngines/WindowsStandaloneSupport/UnityEditor.WindowsStandalone.Extensions.dll
Registered in 0.025404 seconds.
- Loaded All Assemblies, in  0.953 seconds
Native extension for WindowsStandalone target not found
Native extension for Android target not found
Android Extension - Scanning For ADB Devices 748 ms
Mono: successfully reloaded assembly
- Finished resetting the current domain, in  1.686 seconds
Domain Reload Profiling: 2634ms
	BeginReloadAssembly (295ms)
		ExecutionOrderSort (0ms)
		DisableScriptedObjects (0ms)
		BackupInstance (0ms)
		ReleaseScriptingObjects (0ms)
		CreateAndSetChildDomain (2ms)
	RebuildCommonClasses (83ms)
	RebuildNativeTypeToScriptingClass (22ms)
	initialDomainReloadingComplete (153ms)
	LoadAllAssembliesAndSetupDomain (393ms)
		LoadAssemblies (292ms)
		RebuildTransferFunctionScriptingTraits (0ms)
		AnalyzeDomain (387ms)
			TypeCache.Refresh (383ms)
				TypeCache.ScanAssembly (349ms)
			ScanForSourceGeneratedMonoScriptInfo (1ms)
			ResolveRequiredComponents (1ms)
	FinalizeReload (1687ms)
		ReleaseScriptCaches (0ms)
		RebuildScriptCaches (0ms)
		SetupLoadedEditorAssemblies (1515ms)
			LogAssemblyErrors (0ms)
			InitializePlatformSupportModulesInManaged (1101ms)
			SetLoadedEditorAssemblies (12ms)
			RefreshPlugins (0ms)
			BeforeProcessingInitializeOnLoad (7ms)
			ProcessInitializeOnLoadAttributes (260ms)
			ProcessInitializeOnLoadMethodAttributes (135ms)
			AfterProcessingInitializeOnLoad (0ms)
			EditorAssembliesLoaded (0ms)
		ExecutionOrderSort2 (0ms)
		AwakeInstancesAfterBackupRestoration (0ms)
========================================================================
Worker process is ready to serve import requests
Begin MonoManager ReloadAssembly
- Loaded All Assemblies, in  1.677 seconds
Refreshing native plugins compatible for Editor in 7.42 ms, found 3 plugins.
Native extension for WindowsStandalone target not found
Native extension for Android target not found
Package Manager log level set to [2]
[Package Manager] Server::EnsureServerProcessIsRunning -- launch failed, reason: Unity was launched with the -noUpm command-line argument
[Package Manager] UpmClient::Send -- Unable to send message (not connected to UPM process).
[Package Manager] Cannot connect to Unity Package Manager local server
Mono: successfully reloaded assembly
- Finished resetting the current domain, in  1.508 seconds
Domain Reload Profiling: 3180ms
	BeginReloadAssembly (388ms)
		ExecutionOrderSort (0ms)
		DisableScriptedObjects (16ms)
		BackupInstance (0ms)
		ReleaseScriptingObjects (1ms)
		CreateAndSetChildDomain (59ms)
	RebuildCommonClasses (92ms)
	RebuildNativeTypeToScriptingClass (23ms)
	initialDomainReloadingComplete (103ms)
	LoadAllAssembliesAndSetupDomain (1065ms)
		LoadAssemblies (772ms)
		RebuildTransferFunctionScriptingTraits (0ms)
		AnalyzeDomain (506ms)
			TypeCache.Refresh (454ms)
				TypeCache.ScanAssembly (412ms)
			ScanForSourceGeneratedMonoScriptInfo (40ms)
			ResolveRequiredComponents (9ms)
	FinalizeReload (1509ms)
		ReleaseScriptCaches (0ms)
		RebuildScriptCaches (0ms)
		SetupLoadedEditorAssemblies (1055ms)
			LogAssemblyErrors (0ms)
			InitializePlatformSupportModulesInManaged (59ms)
			SetLoadedEditorAssemblies (14ms)
			RefreshPlugins (0ms)
			BeforeProcessingInitializeOnLoad (161ms)
			ProcessInitializeOnLoadAttributes (751ms)
			ProcessInitializeOnLoadMethodAttributes (52ms)
			AfterProcessingInitializeOnLoad (17ms)
			EditorAssembliesLoaded (0ms)
		ExecutionOrderSort2 (0ms)
		AwakeInstancesAfterBackupRestoration (14ms)
Launched and connected shader compiler UnityShaderCompiler.exe after 0.11 seconds
Refreshing native plugins compatible for Editor in 8.20 ms, found 3 plugins.
Preloading 0 native plugins for Editor in 0.00 ms.
Unloading 3070 Unused Serialized files (Serialized files now loaded: 0)
Unloading 31 unused Assets / (56.3 KB). Loaded Objects now: 3535.
Memory consumption went from 119.3 MB to 119.3 MB.
Total: 7.995000 ms (FindLiveObjects: 0.688200 ms CreateObjectMapping: 0.292300 ms MarkObjects: 6.674200 ms  DeleteObjects: 0.337400 ms)

AssetImportParameters requested are different than current active one (requested -> active):
  custom:container-demuxer-ogg: 62fdf1f143b41e24485cea50d1cbac27 -> 
  custom:video-decoder-ogg-theora: a1e56fd34408186e4bbccfd4996cb3dc -> 
  custom:framework-win-MediaFoundation: 216162199b28c13a410421893ffa2e32 -> 
  custom:container-demuxer-webm: 4f35f7cbe854078d1ac9338744f61a02 -> 
  custom:container-muxer-webm: aa71ff27fc2769a1b78a27578f13a17b -> 
  custom:video-decoder-webm-vp8: 9c59270c3fd7afecdb556c50c9e8de78 -> 
  custom:SearchIndexIgnoredProperties: e643bd26f0fe6173181afceb89e7c659 -> 
  custom:AudioImporter_EditorPlatform: d09bf68614088b80899f8185d706f6e7 -> 
  custom:video-encoder-webm-vp8: eb34c28f22e8b96e1ab97ce403110664 -> 
  custom:audio-decoder-ogg-vorbis: bf7c407c2cedff20999df2af8eb42d56 -> 
  custom:audio-encoder-webm-vorbis: bf7c407c2cedff20999df2af8eb42d56 -> 
========================================================================
Received Import Request.
  Time since last request: 958370.545079 seconds.
  path: Assets
  artifactKey: Guid(00000000000000001000000000000000) Importer(815301076,1909f56bfc062723c751e8b465ee728b)
Start importing Assets using Guid(00000000000000001000000000000000) Importer(815301076,1909f56bfc062723c751e8b465ee728b)  -> (artifact id: '8a4fe85251aa2e89732c359432baa2c3') in 0.005779 seconds
Number of updated asset objects reloaded before import = 0
Number of asset objects unloaded after import = 0
========================================================================
Received Prepare
Refreshing native plugins compatible for Editor in 8.88 ms, found 3 plugins.
Preloading 0 native plugins for Editor in 0.00 ms.
Unloading 0 Unused Serialized files (Serialized files now loaded: 0)
Unloading 1 unused Assets / (0.8 KB). Loaded Objects now: 3535.
Memory consumption went from 69.7 MB to 69.7 MB.
Total: 8.188200 ms (FindLiveObjects: 0.782600 ms CreateObjectMapping: 0.475000 ms MarkObjects: 6.844700 ms  DeleteObjects: 0.083300 ms)

Prepare: number of updated asset objects reloaded= 0
AssetImportParameters requested are different than current active one (requested -> active):
  custom:container-demuxer-ogg: 62fdf1f143b41e24485cea50d1cbac27 -> 
  custom:video-decoder-ogg-theora: a1e56fd34408186e4bbccfd4996cb3dc -> 
  custom:framework-win-MediaFoundation: 216162199b28c13a410421893ffa2e32 -> 
  custom:CustomObjectIndexerAttribute: 756ad292c208cfabdd7b50bc23989ffe -> 
  custom:container-demuxer-webm: 4f35f7cbe854078d1ac9338744f61a02 -> 
  custom:container-muxer-webm: aa71ff27fc2769a1b78a27578f13a17b -> 
  custom:video-decoder-webm-vp8: 9c59270c3fd7afecdb556c50c9e8de78 -> 
  custom:SearchIndexIgnoredProperties: e643bd26f0fe6173181afceb89e7c659 -> 
  custom:AudioImporter_EditorPlatform: d09bf68614088b80899f8185d706f6e7 -> 
  custom:video-encoder-webm-vp8: eb34c28f22e8b96e1ab97ce403110664 -> 
  custom:audio-decoder-ogg-vorbis: bf7c407c2cedff20999df2af8eb42d56 -> 
  custom:audio-encoder-webm-vorbis: bf7c407c2cedff20999df2af8eb42d56 -> 
========================================================================
Received Import Request.
  Time since last request: 93.918947 seconds.
  path: Assets/New Folder
  artifactKey: Guid(1e252bde458ea8942923fc7c7c265144) Importer(815301076,1909f56bfc062723c751e8b465ee728b)
Start importing Assets/New Folder using Guid(1e252bde458ea8942923fc7c7c265144) Importer(815301076,1909f56bfc062723c751e8b465ee728b)  -> (artifact id: 'de350355fe3b6834d4ea2972964145a4') in 0.001928 seconds
Number of updated asset objects reloaded before import = 0
Number of asset objects unloaded after import = 0
========================================================================
Received Import Request.
  Time since last request: 3.939394 seconds.
  path: Assets/Prefabs
  artifactKey: Guid(1e252bde458ea8942923fc7c7c265144) Importer(815301076,1909f56bfc062723c751e8b465ee728b)
Start importing Assets/Prefabs using Guid(1e252bde458ea8942923fc7c7c265144) Importer(815301076,1909f56bfc062723c751e8b465ee728b)  -> (artifact id: '20aded0f1e955597f9d8198e775fa4fd') in 0.002000 seconds
Number of updated asset objects reloaded before import = 0
Number of asset objects unloaded after import = 0
========================================================================
Received Import Request.
  Time since last request: 6.142342 seconds.
  path: Assets/Prefabs/Materiales
  artifactKey: Guid(afc3137e159cd024c923b104db26dae3) Importer(815301076,1909f56bfc062723c751e8b465ee728b)
Start importing Assets/Prefabs/Materiales using Guid(afc3137e159cd024c923b104db26dae3) Importer(815301076,1909f56bfc062723c751e8b465ee728b)  -> (artifact id: 'ee74c972b5ac44b8d89ea8ba29177ae8') in 0.001235 seconds
Number of updated asset objects reloaded before import = 0
Number of asset objects unloaded after import = 0
========================================================================
Received Import Request.
  Time since last request: 10.568270 seconds.
  path: Assets/Prefabs/FBXs
  artifactKey: Guid(91c743d11b71cb24ba713108d01f5db2) Importer(815301076,1909f56bfc062723c751e8b465ee728b)
Start importing Assets/Prefabs/FBXs using Guid(91c743d11b71cb24ba713108d01f5db2) Importer(815301076,1909f56bfc062723c751e8b465ee728b)  -> (artifact id: '0eea26e6838be8f9547f89ce83b40bc2') in 0.001583 seconds
Number of updated asset objects reloaded before import = 0
Number of asset objects unloaded after import = 0
========================================================================
Received Import Request.
  Time since last request: 56.177502 seconds.
  path: Assets/1253106.jpg
  artifactKey: Guid(fb940a4fa0cddaf4d8cf9f5ce768bd9d) Importer(815301076,1909f56bfc062723c751e8b465ee728b)
Start importing Assets/1253106.jpg using Guid(fb940a4fa0cddaf4d8cf9f5ce768bd9d) Importer(815301076,1909f56bfc062723c751e8b465ee728b)  -> (artifact id: '014da77021b75817ce090e4ae6e2be40') in 0.235697 seconds
Number of updated asset objects reloaded before import = 0
Number of asset objects unloaded after import = 2
========================================================================
Received Import Request.
  Time since last request: 15.797764 seconds.
  path: Assets/Prefabs/Materiales/skybox
  artifactKey: Guid(b2e5bc4cf62c72f4ba59a2643037804c) Importer(815301076,1909f56bfc062723c751e8b465ee728b)
Start importing Assets/Prefabs/Materiales/skybox using Guid(b2e5bc4cf62c72f4ba59a2643037804c) Importer(815301076,1909f56bfc062723c751e8b465ee728b)  -> (artifact id: 'd039de558f59bad47c0da356b9e41e2e') in 0.001495 seconds
Number of updated asset objects reloaded before import = 0
Number of asset objects unloaded after import = 0
========================================================================
Received Import Request.
  Time since last request: 52.896349 seconds.
  path: Assets/Prefabs/FBXs/Asteroides
  artifactKey: Guid(bcc0693563264944680cdda5eb3600b7) Importer(815301076,1909f56bfc062723c751e8b465ee728b)
Start importing Assets/Prefabs/FBXs/Asteroides using Guid(bcc0693563264944680cdda5eb3600b7) Importer(815301076,1909f56bfc062723c751e8b465ee728b)  -> (artifact id: '02df7d7ee31817e2e0235bb14bd9de0e') in 0.001414 seconds
Number of updated asset objects reloaded before import = 0
Number of asset objects unloaded after import = 0
========================================================================
Received Import Request.
  Time since last request: 12.536057 seconds.
  path: Assets/Prefabs/FBXs/Asteroides/ast1.fbx
  artifactKey: Guid(942f5e05253654b439b2b42bef66873a) Importer(815301076,1909f56bfc062723c751e8b465ee728b)
Start importing Assets/Prefabs/FBXs/Asteroides/ast1.fbx using Guid(942f5e05253654b439b2b42bef66873a) Importer(815301076,1909f56bfc062723c751e8b465ee728b)  -> (artifact id: 'e2f988076b1023f76100addf13e0021d') in 0.921436 seconds
Number of updated asset objects reloaded before import = 0
Number of asset objects unloaded after import = 8
========================================================================
Received Import Request.
  Time since last request: 6.114433 seconds.
  path: Assets/Prefabs/FBXs/Asteroides/ast2.fbx
  artifactKey: Guid(4fbe16e560667e44cb40604fdbc788bb) Importer(815301076,1909f56bfc062723c751e8b465ee728b)
Start importing Assets/Prefabs/FBXs/Asteroides/ast2.fbx using Guid(4fbe16e560667e44cb40604fdbc788bb) Importer(815301076,1909f56bfc062723c751e8b465ee728b)  -> (artifact id: '26edd1ac7040c354e4e9f7248ab58eee') in 0.082301 seconds
Number of updated asset objects reloaded before import = 0
Number of asset objects unloaded after import = 8
========================================================================
Received Import Request.
  Time since last request: 6.638502 seconds.
  path: Assets/Prefabs/FBXs/Asteroides/ast3.fbx
  artifactKey: Guid(29613ddd4af220541a39d0610ac3370a) Importer(815301076,1909f56bfc062723c751e8b465ee728b)
Start importing Assets/Prefabs/FBXs/Asteroides/ast3.fbx using Guid(29613ddd4af220541a39d0610ac3370a) Importer(815301076,1909f56bfc062723c751e8b465ee728b)  -> (artifact id: '7b863a898d44c15dd7e1e6e599df47e6') in 0.081099 seconds
Number of updated asset objects reloaded before import = 0
Number of asset objects unloaded after import = 8
========================================================================
Received Import Request.
  Time since last request: 32.078049 seconds.
  path: Assets/Prefabs/FBXs/Asteroides/ast3.fbx
  artifactKey: Guid(29613ddd4af220541a39d0610ac3370a) Importer(815301076,1909f56bfc062723c751e8b465ee728b)
Start importing Assets/Prefabs/FBXs/Asteroides/ast3.fbx using Guid(29613ddd4af220541a39d0610ac3370a) Importer(815301076,1909f56bfc062723c751e8b465ee728b)  -> (artifact id: '32357ae37fbdf863c44fdbde3c96f3c5') in 0.090820 seconds
Number of updated asset objects reloaded before import = 0
Number of asset objects unloaded after import = 8
========================================================================
Received Import Request.
  Time since last request: 22.939910 seconds.
  path: Assets/Prefabs/Materiales/Asteroides
  artifactKey: Guid(e58e8cb41e1f37246ba1376347093f6b) Importer(815301076,1909f56bfc062723c751e8b465ee728b)
Start importing Assets/Prefabs/Materiales/Asteroides using Guid(e58e8cb41e1f37246ba1376347093f6b) Importer(815301076,1909f56bfc062723c751e8b465ee728b)  -> (artifact id: 'ccd381285bb3ab96e5f2eeead8ec719b') in 0.001492 seconds
Number of updated asset objects reloaded before import = 0
Number of asset objects unloaded after import = 0
========================================================================
Received Import Request.
  Time since last request: 18.334784 seconds.
  path: Assets/Prefabs/Materiales/ast2_lambert4_BaseColor.png
  artifactKey: Guid(d3e86d0e3b988ae43a85c35110d707b1) Importer(815301076,1909f56bfc062723c751e8b465ee728b)
Start importing Assets/Prefabs/Materiales/ast2_lambert4_BaseColor.png using Guid(d3e86d0e3b988ae43a85c35110d707b1) Importer(815301076,1909f56bfc062723c751e8b465ee728b)  -> (artifact id: 'ab4f3bffdc736bd8ade07087d374a07c') in 0.071122 seconds
Number of updated asset objects reloaded before import = 0
Number of asset objects unloaded after import = 2
========================================================================
Received Import Request.
  Time since last request: 24.973903 seconds.
  path: Assets/Prefabs/FBXs/Asteroides/ast3.fbx
  artifactKey: Guid(29613ddd4af220541a39d0610ac3370a) Importer(815301076,1909f56bfc062723c751e8b465ee728b)
Start importing Assets/Prefabs/FBXs/Asteroides/ast3.fbx using Guid(29613ddd4af220541a39d0610ac3370a) Importer(815301076,1909f56bfc062723c751e8b465ee728b)  -> (artifact id: 'b0a0a7747249705440de9e94ce1f937a') in 0.098249 seconds
Number of updated asset objects reloaded before import = 0
Number of asset objects unloaded after import = 9
========================================================================
Received Import Request.
  Time since last request: 12.884363 seconds.
  path: Assets/Prefabs/FBXs/Asteroides/ast3.fbx
  artifactKey: Guid(29613ddd4af220541a39d0610ac3370a) Importer(815301076,1909f56bfc062723c751e8b465ee728b)
Start importing Assets/Prefabs/FBXs/Asteroides/ast3.fbx using Guid(29613ddd4af220541a39d0610ac3370a) Importer(815301076,1909f56bfc062723c751e8b465ee728b)  -> (artifact id: 'acb22ec2bc144a7786dee4cd2dc45dc2') in 0.094136 seconds
Number of updated asset objects reloaded before import = 0
Number of asset objects unloaded after import = 9
========================================================================
Received Import Request.
  Time since last request: 12.793403 seconds.
  path: Assets/Prefabs/FBXs/Asteroides/ast3.fbx
  artifactKey: Guid(29613ddd4af220541a39d0610ac3370a) Importer(815301076,1909f56bfc062723c751e8b465ee728b)
Start importing Assets/Prefabs/FBXs/Asteroides/ast3.fbx using Guid(29613ddd4af220541a39d0610ac3370a) Importer(815301076,1909f56bfc062723c751e8b465ee728b)  -> (artifact id: '3d8c3ae27ab58e01981733cacbc5197a') in 0.077213 seconds
Number of updated asset objects reloaded before import = 0
Number of asset objects unloaded after import = 9
========================================================================
Received Import Request.
  Time since last request: 10.119755 seconds.
  path: Assets/Prefabs/FBXs/Asteroides/ast2.fbx
  artifactKey: Guid(4fbe16e560667e44cb40604fdbc788bb) Importer(815301076,1909f56bfc062723c751e8b465ee728b)
Start importing Assets/Prefabs/FBXs/Asteroides/ast2.fbx using Guid(4fbe16e560667e44cb40604fdbc788bb) Importer(815301076,1909f56bfc062723c751e8b465ee728b)  -> (artifact id: 'ff6101b909cace78944586c2b7fdfd9a') in 0.089363 seconds
Number of updated asset objects reloaded before import = 0
Number of asset objects unloaded after import = 9
========================================================================
Received Import Request.
  Time since last request: 5.803820 seconds.
  path: Assets/Prefabs/FBXs/Asteroides/ast1.fbx
  artifactKey: Guid(942f5e05253654b439b2b42bef66873a) Importer(815301076,1909f56bfc062723c751e8b465ee728b)
Start importing Assets/Prefabs/FBXs/Asteroides/ast1.fbx using Guid(942f5e05253654b439b2b42bef66873a) Importer(815301076,1909f56bfc062723c751e8b465ee728b)  -> (artifact id: '422b051236cb91b5a7068b25494b8848') in 0.081301 seconds
Number of updated asset objects reloaded before import = 0
Number of asset objects unloaded after import = 9
========================================================================
Received Import Request.
  Time since last request: 19.288952 seconds.
  path: Assets/Prefabs/Materiales/Asteroides/ast3_lambert5_BaseColor.png
  artifactKey: Guid(c030865f3e1d125439f3333ea8e55d68) Importer(815301076,1909f56bfc062723c751e8b465ee728b)
Start importing Assets/Prefabs/Materiales/Asteroides/ast3_lambert5_BaseColor.png using Guid(c030865f3e1d125439f3333ea8e55d68) Importer(815301076,1909f56bfc062723c751e8b465ee728b)  -> (artifact id: 'a0bb3126274c979e110cfb5873b1af59') in 0.087741 seconds
Number of updated asset objects reloaded before import = 0
Number of asset objects unloaded after import = 2
